<?xml version="1.0" encoding="UTF-8"?>
<!-- Generated by org.testng.reporters.JUnitReportReporter -->
<testsuite hostname="Ashawamis-MBP" failures="0" tests="1" name="FindBookTest" time="1.317" errors="0" timestamp="21 May 2021 15:09:10 GMT">
  <testcase classname="FindBookTest" name="testFindBookByAuthorName" time="1.317"/>
</testsuite> <!-- FindBookTest -->
